<?xml version="1.0" encoding="UTF-8"?>
<!-- Generated by org.testng.reporters.JUnitReportReporter -->
<testsuite hostname="LPT-HG97N53" failures="0" tests="2" name="tests.GetAPITest" time="0.406" errors="0" timestamp="04 Feb 2023 11:54:40 GMT" skipped="0">
  <testcase classname="tests.GetAPITest" name="getAPITestWithoutHeaders" time="0.331"/>
  <testcase classname="tests.GetAPITest" name="getAPITestWithHeaders" time="0.075"/>
</testsuite> <!-- tests.GetAPITest -->
