<?xml version="1.0" encoding="UTF-8"?>
<!-- Generated by org.testng.reporters.JUnitReportReporter -->
<testsuite hostname="LPT-HG97N53" failures="0" tests="2" name="tests.GetAPITest" time="0.401" errors="0" timestamp="29 Jan 2023 17:49:29 GMT" skipped="0">
  <testcase classname="tests.GetAPITest" name="getAPITestWithoutHeaders" time="0.258"/>
  <testcase classname="tests.GetAPITest" name="getAPITestWithHeaders" time="0.143"/>
</testsuite> <!-- tests.GetAPITest -->
